<?xml version="1.0" encoding="UTF-8"?>
<testsuite name="ic.ac.uk.xdrone.tests.XDroneParsingTest" tests="1" skipped="0" failures="0" errors="0" timestamp="2018-09-07T04:36:51" hostname="muhamad-S550CM" time="0.208">
  <properties/>
  <testcase name="loadModel" classname="ic.ac.uk.xdrone.tests.XDroneParsingTest" time="0.208"/>
  <system-out><![CDATA[]]></system-out>
  <system-err><![CDATA[]]></system-err>
</testsuite>
